INFO 2018-02-01 10:37:24,612 [restartedMain]  c.b.s.c.Ch7Application.logStarting 48 :Starting Ch7Application on lijiazhi with PID 10604 (D:\git\Spring-Boot-2.0-Samples\7_config\ch7.config\target\classes started by Administrator in D:\git\Spring-Boot-2.0-Samples\7_config\ch7.config)
DEBUG 2018-02-01 10:37:24,668 [restartedMain]  c.b.s.c.Ch7Application.logStarting 51 :Running with Spring Boot v2.0.0.RC1, Spring v5.0.3.RELEASE
INFO 2018-02-01 10:37:24,674 [restartedMain]  c.b.s.c.Ch7Application.logStartupProfileInfo 652 :No active profile set, falling back to default profiles: default
INFO 2018-02-01 10:37:24,754 [restartedMain]  o.s.b.w.s.c.AnnotationConfigServletWebServerApplicationContext.prepareRefresh 589 :Refreshing org.springframework.boot.web.servlet.context.AnnotationConfigServletWebServerApplicationContext@6caf9142: startup date [Thu Feb 01 10:37:24 CST 2018]; root of context hierarchy
INFO 2018-02-01 10:37:25,863 [restartedMain]  org.xnio.<clinit> 104 :XNIO version 3.3.8.Final
INFO 2018-02-01 10:37:25,883 [restartedMain]  org.xnio.nio.<clinit> 55 :XNIO NIO Implementation Version 3.3.8.Final
WARN 2018-02-01 10:37:25,954 [restartedMain]  i.u.websockets.jsr.handleDeployment 67 :UT026009: XNIO worker was not set on WebSocketDeploymentInfo, the default worker will be used
WARN 2018-02-01 10:37:25,955 [restartedMain]  i.u.websockets.jsr.handleDeployment 76 :UT026010: Buffer pool was not set on WebSocketDeploymentInfo, the default pool will be used
INFO 2018-02-01 10:37:25,979 [restartedMain]  io.undertow.servlet.log 360 :Initializing Spring embedded WebApplicationContext
INFO 2018-02-01 10:37:25,979 [restartedMain]  o.s.w.c.ContextLoader.prepareWebApplicationContext 283 :Root WebApplicationContext: initialization completed in 1225 ms
INFO 2018-02-01 10:37:26,070 [restartedMain]  o.s.b.w.s.ServletRegistrationBean.addRegistration 184 :Servlet dispatcherServlet mapped to [/]
INFO 2018-02-01 10:37:26,075 [restartedMain]  o.s.b.w.s.FilterRegistrationBean.configure 242 :Mapping filter: 'characterEncodingFilter' to: [/*]
INFO 2018-02-01 10:37:26,077 [restartedMain]  o.s.b.w.s.FilterRegistrationBean.configure 242 :Mapping filter: 'hiddenHttpMethodFilter' to: [/*]
INFO 2018-02-01 10:37:26,078 [restartedMain]  o.s.b.w.s.FilterRegistrationBean.configure 242 :Mapping filter: 'httpPutFormContentFilter' to: [/*]
INFO 2018-02-01 10:37:26,078 [restartedMain]  o.s.b.w.s.FilterRegistrationBean.configure 242 :Mapping filter: 'requestContextFilter' to: [/*]
INFO 2018-02-01 10:37:26,371 [restartedMain]  o.s.w.s.m.m.a.RequestMappingHandlerAdapter.initControllerAdviceCache 567 :Looking for @ControllerAdvice: org.springframework.boot.web.servlet.context.AnnotationConfigServletWebServerApplicationContext@6caf9142: startup date [Thu Feb 01 10:37:24 CST 2018]; root of context hierarchy
INFO 2018-02-01 10:37:26,460 [restartedMain]  o.s.w.s.m.m.a.RequestMappingHandlerMapping.register 549 :Mapped "{[/showvalue.html]}" onto public java.lang.String com.bee.sample.ch7.controller.PropertyController.value(int)
INFO 2018-02-01 10:37:26,462 [restartedMain]  o.s.w.s.m.m.a.RequestMappingHandlerMapping.register 549 :Mapped "{[/showserver.html]}" onto public java.lang.String com.bee.sample.ch7.controller.PropertyController.value()
INFO 2018-02-01 10:37:26,463 [restartedMain]  o.s.w.s.m.m.a.RequestMappingHandlerMapping.register 549 :Mapped "{[/showenv.html]}" onto public java.lang.String com.bee.sample.ch7.controller.PropertyController.env()
INFO 2018-02-01 10:37:26,464 [restartedMain]  o.s.w.s.m.m.a.RequestMappingHandlerMapping.register 549 :Mapped "{[/sayhello.html]}" onto public java.lang.String com.bee.sample.ch7.controller.PropertyController.say()
INFO 2018-02-01 10:37:26,473 [restartedMain]  o.s.w.s.m.m.a.RequestMappingHandlerMapping.register 549 :Mapped "{[/error]}" onto public org.springframework.http.ResponseEntity<java.util.Map<java.lang.String, java.lang.Object>> org.springframework.boot.autoconfigure.web.servlet.error.BasicErrorController.error(javax.servlet.http.HttpServletRequest)
INFO 2018-02-01 10:37:26,480 [restartedMain]  o.s.w.s.m.m.a.RequestMappingHandlerMapping.register 549 :Mapped "{[/error],produces=[text/html]}" onto public org.springframework.web.servlet.ModelAndView org.springframework.boot.autoconfigure.web.servlet.error.BasicErrorController.errorHtml(javax.servlet.http.HttpServletRequest,javax.servlet.http.HttpServletResponse)
INFO 2018-02-01 10:37:26,535 [restartedMain]  o.s.w.s.h.SimpleUrlHandlerMapping.registerHandler 373 :Mapped URL path [/webjars/**] onto handler of type [class org.springframework.web.servlet.resource.ResourceHttpRequestHandler]
INFO 2018-02-01 10:37:26,535 [restartedMain]  o.s.w.s.h.SimpleUrlHandlerMapping.registerHandler 373 :Mapped URL path [/**] onto handler of type [class org.springframework.web.servlet.resource.ResourceHttpRequestHandler]
INFO 2018-02-01 10:37:26,580 [restartedMain]  o.s.w.s.h.SimpleUrlHandlerMapping.registerHandler 373 :Mapped URL path [/**/favicon.ico] onto handler of type [class org.springframework.web.servlet.resource.ResourceHttpRequestHandler]
INFO 2018-02-01 10:37:26,609 [restartedMain]  o.s.b.a.w.s.WelcomePageHandlerMapping.<init> 56 :Adding welcome page: class path resource [static/index.html]
INFO 2018-02-01 10:37:26,731 [restartedMain]  o.s.b.d.a.OptionalLiveReloadServer.startServer 57 :LiveReload server is running on port 35729
INFO 2018-02-01 10:37:26,789 [restartedMain]  o.s.j.e.a.AnnotationMBeanExporter.afterSingletonsInstantiated 434 :Registering beans for JMX exposure on startup
INFO 2018-02-01 10:37:26,839 [restartedMain]  o.s.b.w.e.u.UndertowServletWebServer.start 148 :Undertow started on port(s) 9090 (http) with context path '/config'
INFO 2018-02-01 10:37:26,841 [restartedMain]  c.b.s.c.Ch7Application.logStarted 57 :Started Ch7Application in 2.613 seconds (JVM running for 3.043)
